<?xml version="1.0" encoding="UTF-8"?>
<!-- Generated by org.testng.reporters.JUnitReportReporter -->
<testsuite hostname="KARTIK-SHARMA" failures="0" tests="1" name="Test_Runner.CucumberTestRunner" time="42.088" errors="0" timestamp="2025-03-17T21:59:54 IST" skipped="0">
  <testcase classname="Test_Runner.CucumberTestRunner" name="runScenario" time="42.088"/>
</testsuite> <!-- Test_Runner.CucumberTestRunner -->
